#
# A fatal error has been detected by the Java Runtime Environment:
#
#  EXCEPTION_ACCESS_VIOLATION (0xc0000005) at pc=0x0000000056dda6b3, pid=7720, tid=7308
#
# JRE version: Java(TM) SE Runtime Environment (8.0_31-b13) (build 1.8.0_31-b13)
# Java VM: Java HotSpot(TM) 64-Bit Server VM (25.31-b07 mixed mode windows-amd64 compressed oops)
# Problematic frame:
# V  [jvm.dll+0x11a6b3]
#
# Failed to write core dump. Minidumps are not enabled by default on client versions of Windows
#
# If you would like to submit a bug report, please visit:
#   http://bugreport.java.com/bugreport/crash.jsp
#

---------------  T H R E A D  ---------------

Current thread (0x00000000076a3000):  JavaThread "JDWP Transport Listener: dt_socket" daemon [_thread_in_vm, id=7308, stack(0x0000000024330000,0x0000000024430000)]

siginfo: ExceptionCode=0xc0000005, reading address 0xffffffffffffffff

Registers:
RAX=0x000000002442f501, RBX=0xee0100d54ea39cef, RCX=0x0000000000020009, RDX=0x0000000000000000
RSP=0x000000002442f500, RBP=0x0000000000020009, RSI=0x000000002442f618, RDI=0x000000000256f0a0
R8 =0x00000000076a3000, R9 =0x0000000b000a001d, R10=0x0000000000000000, R11=0x000000002566ebeb
R12=0x0000000000000000, R13=0x00000000076a3908, R14=0x0000000000000000, R15=0x0000000000000000
RIP=0x0000000056dda6b3, EFLAGS=0x0000000000010286

Top of Stack: (sp=0x000000002442f500)
0x000000002442f500:   00000000076a3000 00000000076a3000
0x000000002442f510:   000000002442f5c8 0000000056fd7c1b
0x000000002442f520:   00000000076a3000 0000000056ff447d
0x000000002442f530:   0000000000000000 00000000632c9149
0x000000002442f540:   00000000078dff50 00000000632d2912
0x000000002442f550:   00000000076a3000 0000000000000000
0x000000002442f560:   0000000000000000 0000000000000000
0x000000002442f570:   0000000000020009 00000000632d1a09
0x000000002442f580:   000000002442f618 000000002442f5f0
0x000000002442f590:   0000000000000001 00000000078dff50
0x000000002442f5a0:   0000000000020009 00000000632b53b3
0x000000002442f5b0:   000000002442f6e0 0000000000000001
0x000000002442f5c0:   0000000000000001 00000000078dff50
0x000000002442f5d0:   0000000000000001 0000000000000000
0x000000002442f5e0:   0000000000000000 0000000000000000
0x000000002442f5f0:   0000000000000001 00000000632b5571 

Instructions: (pc=0x0000000056dda6b3)
0x0000000056dda693:   28 48 85 c9 75 07 33 c0 48 83 c4 28 c3 48 89 5c
0x0000000056dda6a3:   24 20 48 8b 19 48 85 db 74 20 48 83 fb 37 74 1a
0x0000000056dda6b3:   48 8b 13 48 8b cb ff 52 10 84 c0 74 0d 48 8b c3
0x0000000056dda6c3:   48 8b 5c 24 20 48 83 c4 28 c3 33 c0 48 8b 5c 24 


Register to memory mapping:

RAX=0x000000002442f501 is pointing into the stack for thread: 0x00000000076a3000
RBX=0xee0100d54ea39cef is an unknown value
RCX=0x0000000000020009 is an unknown value
RDX=0x0000000000000000 is an unknown value
RSP=0x000000002442f500 is pointing into the stack for thread: 0x00000000076a3000
RBP=0x0000000000020009 is an unknown value
RSI=0x000000002442f618 is pointing into the stack for thread: 0x00000000076a3000
RDI=0x000000000256f0a0 is an unknown value
R8 =0x00000000076a3000 is a thread
R9 =0x0000000b000a001d is an unknown value
R10=0x0000000000000000 is an unknown value
R11=0x000000002566ebeb is an unknown value
R12=0x0000000000000000 is an unknown value
R13=0x00000000076a3908 is an unknown value
R14=0x0000000000000000 is an unknown value
R15=0x0000000000000000 is an unknown value


Stack: [0x0000000024330000,0x0000000024430000],  sp=0x000000002442f500,  free space=1021k
Native frames: (J=compiled Java code, j=interpreted, Vv=VM code, C=native code)
V  [jvm.dll+0x11a6b3]
V  [jvm.dll+0x33447d]
C  [jdwp.dll+0x21a09]
C  [jdwp.dll+0x53b3]
C  [jdwp.dll+0x5571]
C  [jdwp.dll+0xf09c]
C  [jdwp.dll+0x1f2c9]
C  [jdwp.dll+0x1f49e]
V  [jvm.dll+0x1ac128]
V  [jvm.dll+0x22c194]
V  [jvm.dll+0x28576a]
C  [msvcr100.dll+0x21d9f]
C  [msvcr100.dll+0x21e3b]
C  [kernel32.dll+0x159ed]
C  [ntdll.dll+0x2c541]


---------------  P R O C E S S  ---------------

Java Threads: ( => current thread )
  0x0000000025452000 JavaThread "ReaderThread" [_thread_in_native, id=7948, stack(0x0000000024da0000,0x0000000024ea0000)]
  0x000000002516f800 JavaThread "Service Thread" daemon [_thread_blocked, id=4128, stack(0x0000000025a10000,0x0000000025b10000)]
  0x00000000079b5800 JavaThread "C1 CompilerThread3" daemon [_thread_blocked, id=8948, stack(0x0000000025000000,0x0000000025100000)]
  0x00000000079b5000 JavaThread "C2 CompilerThread2" daemon [_thread_blocked, id=7284, stack(0x0000000024ec0000,0x0000000024fc0000)]
  0x00000000079b1000 JavaThread "C2 CompilerThread1" daemon [_thread_blocked, id=8636, stack(0x0000000024c90000,0x0000000024d90000)]
  0x00000000079b0800 JavaThread "C2 CompilerThread0" daemon [_thread_blocked, id=2764, stack(0x0000000024700000,0x0000000024800000)]
  0x00000000076b5000 JavaThread "JDWP Command Reader" daemon [_thread_in_native, id=8548, stack(0x0000000024b10000,0x0000000024c10000)]
  0x00000000076b4000 JavaThread "JDWP Event Helper Thread" daemon [_thread_blocked, id=7072, stack(0x0000000024940000,0x0000000024a40000)]
=>0x00000000076a3000 JavaThread "JDWP Transport Listener: dt_socket" daemon [_thread_in_vm, id=7308, stack(0x0000000024330000,0x0000000024430000)]
  0x0000000007698800 JavaThread "Attach Listener" daemon [_thread_blocked, id=3004, stack(0x0000000023e40000,0x0000000023f40000)]
  0x0000000007697800 JavaThread "Signal Dispatcher" daemon [_thread_blocked, id=6656, stack(0x00000000178c0000,0x00000000179c0000)]
  0x00000000064cf000 JavaThread "Finalizer" daemon [_thread_blocked, id=8724, stack(0x0000000017ba0000,0x0000000017ca0000)]
  0x00000000064c8000 JavaThread "Reference Handler" daemon [_thread_blocked, id=1136, stack(0x0000000017a60000,0x0000000017b60000)]
  0x00000000024ae000 JavaThread "main" [_thread_blocked, id=9000, stack(0x0000000002700000,0x0000000002800000)]

Other Threads:
  0x00000000064c0800 VMThread [stack: 0x0000000017780000,0x0000000017880000] [id=3808]
  0x00000000251dc800 WatcherThread [stack: 0x0000000025b60000,0x0000000025c60000] [id=1008]

VM state:not at safepoint (normal execution)

VM Mutex/Monitor currently owned by a thread: None

Heap:
 PSYoungGen      total 114688K, used 26387K [0x0000000740600000, 0x0000000748600000, 0x00000007c0000000)
  eden space 98304K, 17% used [0x0000000740600000,0x00000007416d3d68,0x0000000746600000)
  from space 16384K, 55% used [0x0000000746600000,0x0000000746ef1250,0x0000000747600000)
  to   space 16384K, 0% used [0x0000000747600000,0x0000000747600000,0x0000000748600000)
 ParOldGen       total 262144K, used 88K [0x0000000641200000, 0x0000000651200000, 0x0000000740600000)
  object space 262144K, 0% used [0x0000000641200000,0x0000000641216010,0x0000000651200000)
 Metaspace       used 14712K, capacity 14878K, committed 15104K, reserved 1062912K
  class space    used 1730K, capacity 1779K, committed 1792K, reserved 1048576K

Card table byte_map: [0x0000000002f90000,0x0000000003b90000] byte_map_base: 0xffffffffffd87000

Marking Bits: (ParMarkBitMap*) 0x000000005749d4f0
 Begin Bits: [0x0000000017ce0000, 0x000000001dc98000)
 End Bits:   [0x000000001dc98000, 0x0000000023c50000)

Polling page: 0x0000000000160000

CodeCache: size=245760Kb used=4362Kb max_used=4362Kb free=241398Kb
 bounds [0x0000000007ce0000, 0x0000000008130000, 0x0000000016ce0000]
 total_blobs=1565 nmethods=1176 adapters=311
 compilation: enabled

Compilation events (10 events):
Event: 17.130 Thread 0x00000000079b5800 1173       3       java.util.regex.Pattern::compile (406 bytes)
Event: 17.131 Thread 0x00000000079b5000 1174       4       java.lang.String::codePointAt (36 bytes)
Event: 17.132 Thread 0x00000000079b5000 nmethod 1174 0x0000000008122bd0 code [0x0000000008122d20, 0x0000000008122ed8]
Event: 17.132 Thread 0x00000000079b5800 nmethod 1173 0x0000000008123090 code [0x0000000008123440, 0x0000000008125748]
Event: 17.132 Thread 0x00000000079b5800 1175       3       java.util.regex.Matcher::search (109 bytes)
Event: 17.132 Thread 0x00000000079b5800 nmethod 1175 0x00000000081224d0 code [0x0000000008122660, 0x0000000008122a88]
Event: 17.132 Thread 0x00000000079b5800 1177       3       java.util.regex.Matcher::<init> (84 bytes)
Event: 17.132 Thread 0x00000000079b5800 nmethod 1177 0x0000000008121cd0 code [0x0000000008121e60, 0x0000000008122348]
Event: 17.132 Thread 0x00000000079b5800 1176       3       java.lang.String::toString (2 bytes)
Event: 17.132 Thread 0x00000000079b5800 nmethod 1176 0x00000000081219d0 code [0x0000000008121b20, 0x0000000008121c70]

GC Heap History (2 events):
Event: 16.980 GC heap before
{Heap before GC invocations=1 (full 0):
 PSYoungGen      total 114688K, used 98304K [0x0000000740600000, 0x0000000748600000, 0x00000007c0000000)
  eden space 98304K, 100% used [0x0000000740600000,0x0000000746600000,0x0000000746600000)
  from space 16384K, 0% used [0x0000000747600000,0x0000000747600000,0x0000000748600000)
  to   space 16384K, 0% used [0x0000000746600000,0x0000000746600000,0x0000000747600000)
 ParOldGen       total 262144K, used 0K [0x0000000641200000, 0x0000000651200000, 0x0000000740600000)
  object space 262144K, 0% used [0x0000000641200000,0x0000000641200000,0x0000000651200000)
 Metaspace       used 13867K, capacity 14030K, committed 14336K, reserved 1062912K
  class space    used 1646K, capacity 1707K, committed 1792K, reserved 1048576K
Event: 16.987 GC heap after
Heap after GC invocations=1 (full 0):
 PSYoungGen      total 114688K, used 9156K [0x0000000740600000, 0x0000000748600000, 0x00000007c0000000)
  eden space 98304K, 0% used [0x0000000740600000,0x0000000740600000,0x0000000746600000)
  from space 16384K, 55% used [0x0000000746600000,0x0000000746ef1250,0x0000000747600000)
  to   space 16384K, 0% used [0x0000000747600000,0x0000000747600000,0x0000000748600000)
 ParOldGen       total 262144K, used 88K [0x0000000641200000, 0x0000000651200000, 0x0000000740600000)
  object space 262144K, 0% used [0x0000000641200000,0x0000000641216010,0x0000000651200000)
 Metaspace       used 13867K, capacity 14030K, committed 14336K, reserved 1062912K
  class space    used 1646K, capacity 1707K, committed 1792K, reserved 1048576K
}

Deoptimization events (10 events):
Event: 0.348 Thread 0x00000000024ae000 Uncommon trap: reason=null_check action=make_not_entrant pc=0x0000000007eb0124 method=java.lang.String.equals(Ljava/lang/Object;)Z @ 8
Event: 0.641 Thread 0x00000000024ae000 Uncommon trap: reason=range_check action=make_not_entrant pc=0x0000000007f66450 method=sun.reflect.generics.parser.SignatureParser.current()C @ 34
Event: 0.846 Thread 0x00000000024ae000 Uncommon trap: reason=unreached action=reinterpret pc=0x0000000007f10798 method=java.util.HashMap.hash(Ljava/lang/Object;)I @ 1
Event: 0.862 Thread 0x00000000024ae000 Uncommon trap: reason=unreached action=reinterpret pc=0x0000000007e89a08 method=java.lang.AbstractStringBuilder.append(Ljava/lang/String;)Ljava/lang/AbstractStringBuilder; @ 1
Event: 1.006 Thread 0x00000000024ae000 Uncommon trap: reason=unreached action=reinterpret pc=0x0000000007ec2870 method=java.lang.AbstractStringBuilder.append(Ljava/lang/String;)Ljava/lang/AbstractStringBuilder; @ 1
Event: 16.924 Thread 0x00000000024ae000 Uncommon trap: reason=unreached action=reinterpret pc=0x0000000008004554 method=java.util.HashMap.putVal(ILjava/lang/Object;Ljava/lang/Object;ZZ)Ljava/lang/Object; @ 109
Event: 16.924 Thread 0x00000000024ae000 Uncommon trap: reason=unreached action=reinterpret pc=0x000000000808c2dc method=java.util.HashMap.resize()[Ljava/util/HashMap$Node; @ 206
Event: 16.928 Thread 0x00000000024ae000 Uncommon trap: reason=unreached action=reinterpret pc=0x0000000007f021e8 method=java.util.HashMap.getNode(ILjava/lang/Object;)Ljava/util/HashMap$Node; @ 84
Event: 16.950 Thread 0x00000000024ae000 Uncommon trap: reason=unloaded action=reinterpret pc=0x0000000007f7b7b8 method=java.net.URL.<init>(Ljava/net/URL;Ljava/lang/String;Ljava/net/URLStreamHandler;)V @ 394
Event: 17.110 Thread 0x00000000024ae000 Uncommon trap: reason=unreached action=reinterpret pc=0x0000000007ffd35c method=java.lang.reflect.Method.equals(Ljava/lang/Object;)Z @ 49

Internal exceptions (10 events):
Event: 17.116 Thread 0x00000000024ae000 Exception <a 'java/lang/ClassNotFoundException': org/thymeleaf/context/WrappingVariablesMapCustomizer> (0x0000000741370148) thrown at [C:\workspace\8-2-build-windows-amd64-cygwin\jdk8u31\2394\hotspot\src\share\vm\classfile\systemDictionary.cpp, line 202]
Event: 17.118 Thread 0x00000000024ae000 Exception <a 'java/security/PrivilegedActionException'> (0x0000000741398050) thrown at [C:\workspace\8-2-build-windows-amd64-cygwin\jdk8u31\2394\hotspot\src\share\vm\prims\jvm.cpp, line 1312]
Event: 17.119 Thread 0x00000000024ae000 Exception <a 'java/security/PrivilegedActionException'> (0x00000007413aa448) thrown at [C:\workspace\8-2-build-windows-amd64-cygwin\jdk8u31\2394\hotspot\src\share\vm\prims\jvm.cpp, line 1312]
Event: 17.120 Thread 0x00000000024ae000 Exception <a 'java/security/PrivilegedActionException'> (0x00000007413c05e8) thrown at [C:\workspace\8-2-build-windows-amd64-cygwin\jdk8u31\2394\hotspot\src\share\vm\prims\jvm.cpp, line 1312]
Event: 17.120 Thread 0x00000000024ae000 Exception <a 'java/security/PrivilegedActionException'> (0x00000007413d5ca8) thrown at [C:\workspace\8-2-build-windows-amd64-cygwin\jdk8u31\2394\hotspot\src\share\vm\prims\jvm.cpp, line 1312]
Event: 17.122 Thread 0x00000000024ae000 Exception <a 'java/security/PrivilegedActionException'> (0x0000000741417f58) thrown at [C:\workspace\8-2-build-windows-amd64-cygwin\jdk8u31\2394\hotspot\src\share\vm\prims\jvm.cpp, line 1312]
Event: 17.122 Thread 0x00000000024ae000 Exception <a 'java/security/PrivilegedActionException'> (0x000000074142bb90) thrown at [C:\workspace\8-2-build-windows-amd64-cygwin\jdk8u31\2394\hotspot\src\share\vm\prims\jvm.cpp, line 1312]
Event: 17.128 Thread 0x00000000024ae000 Exception <a 'java/security/PrivilegedActionException'> (0x0000000741474c60) thrown at [C:\workspace\8-2-build-windows-amd64-cygwin\jdk8u31\2394\hotspot\src\share\vm\prims\jvm.cpp, line 1312]
Event: 17.128 Thread 0x00000000024ae000 Exception <a 'java/security/PrivilegedActionException'> (0x000000074148d638) thrown at [C:\workspace\8-2-build-windows-amd64-cygwin\jdk8u31\2394\hotspot\src\share\vm\prims\jvm.cpp, line 1312]
Event: 17.130 Thread 0x00000000024ae000 Exception <a 'java/security/PrivilegedActionException'> (0x00000007414ac148) thrown at [C:\workspace\8-2-build-windows-amd64-cygwin\jdk8u31\2394\hotspot\src\share\vm\prims\jvm.cpp, line 1312]

Events (10 events):
Event: 117.977 Executing VM operation: ChangeBreakpoints
Event: 117.977 Executing VM operation: ChangeBreakpoints done
Event: 118.284 Executing VM operation: ChangeBreakpoints
Event: 118.285 Executing VM operation: ChangeBreakpoints done
Event: 122.470 Executing VM operation: ChangeBreakpoints
Event: 122.470 Executing VM operation: ChangeBreakpoints done
Event: 122.472 Thread 0x00000000076a3000 DEOPT PACKING pc=0x0000000007e88bac sp=0x000000002442e0f0
Event: 122.472 Thread 0x00000000076a3000 DEOPT UNPACKING pc=0x0000000007d275bf sp=0x000000002442de28 mode 1
Event: 122.473 Executing VM operation: RedefineClasses
Event: 122.480 Executing VM operation: RedefineClasses done


Dynamic libraries:
0x000000013fcf0000 - 0x000000013fd24000 	C:\tools\jdk1.8.0_31\bin\java.exe
0x0000000077c80000 - 0x0000000077e29000 	C:\Windows\SYSTEM32\ntdll.dll
0x0000000077a60000 - 0x0000000077b7f000 	C:\Windows\system32\kernel32.dll
0x000007fefdb20000 - 0x000007fefdb8c000 	C:\Windows\system32\KERNELBASE.dll
0x000007feff060000 - 0x000007feff13b000 	C:\Windows\system32\ADVAPI32.dll
0x000007feff330000 - 0x000007feff3cf000 	C:\Windows\system32\msvcrt.dll
0x000007feffc80000 - 0x000007feffc9f000 	C:\Windows\SYSTEM32\sechost.dll
0x000007feff830000 - 0x000007feff95d000 	C:\Windows\system32\RPCRT4.dll
0x0000000077b80000 - 0x0000000077c7a000 	C:\Windows\system32\USER32.dll
0x000007feffcd0000 - 0x000007feffd37000 	C:\Windows\system32\GDI32.dll
0x000007feff140000 - 0x000007feff14e000 	C:\Windows\system32\LPK.dll
0x000007feffa70000 - 0x000007feffb39000 	C:\Windows\system32\USP10.dll
0x000007fefd450000 - 0x000007fefd644000 	C:\Windows\WinSxS\amd64_microsoft.windows.common-controls_6595b64144ccf1df_6.0.7601.17514_none_fa396087175ac9ac\COMCTL32.dll
0x000007fefefe0000 - 0x000007feff051000 	C:\Windows\system32\SHLWAPI.dll
0x000007feffca0000 - 0x000007feffcce000 	C:\Windows\system32\IMM32.DLL
0x000007feff960000 - 0x000007feffa69000 	C:\Windows\system32\MSCTF.dll
0x000007fefd950000 - 0x000007fefd9a5000 	C:\Windows\system32\sxwmon64.dll
0x000007fefde00000 - 0x000007fefeb89000 	C:\Windows\system32\SHELL32.dll
0x000007fefed70000 - 0x000007fefef73000 	C:\Windows\system32\ole32.dll
0x000007fefec30000 - 0x000007fefed07000 	C:\Windows\system32\OLEAUT32.dll
0x0000000056b10000 - 0x0000000056be2000 	C:\tools\jdk1.8.0_31\jre\bin\msvcr100.dll
0x0000000056cc0000 - 0x000000005751a000 	C:\tools\jdk1.8.0_31\jre\bin\server\jvm.dll
0x000007fef99e0000 - 0x000007fef99e9000 	C:\Windows\system32\WSOCK32.dll
0x000007fefed10000 - 0x000007fefed5d000 	C:\Windows\system32\WS2_32.dll
0x000007fefed60000 - 0x000007fefed68000 	C:\Windows\system32\NSI.dll
0x000007fef9870000 - 0x000007fef98ab000 	C:\Windows\system32\WINMM.dll
0x0000000077e40000 - 0x0000000077e47000 	C:\Windows\system32\PSAPI.DLL
0x000000006e490000 - 0x000000006e49f000 	C:\tools\jdk1.8.0_31\jre\bin\verify.dll
0x0000000066db0000 - 0x0000000066dd8000 	C:\tools\jdk1.8.0_31\jre\bin\java.dll
0x00000000632b0000 - 0x00000000632e5000 	C:\tools\jdk1.8.0_31\jre\bin\jdwp.dll
0x0000000063b20000 - 0x0000000063b28000 	C:\tools\jdk1.8.0_31\jre\bin\npt.dll
0x0000000062fc0000 - 0x0000000062fe3000 	C:\tools\jdk1.8.0_31\jre\bin\instrument.dll
0x000000006dc10000 - 0x000000006dc26000 	C:\tools\jdk1.8.0_31\jre\bin\zip.dll
0x000007fefda40000 - 0x000007fefda4f000 	C:\Windows\system32\profapi.dll
0x0000000063a30000 - 0x0000000063a39000 	C:\tools\jdk1.8.0_31\jre\bin\dt_socket.dll
0x000007fefc190000 - 0x000007fefc391000 	C:\Program Files (x86)\Forefront TMG Client\FwcWsp64.dll
0x000007fefdb90000 - 0x000007fefdbcb000 	C:\Windows\system32\WINTRUST.dll
0x000007fefdc30000 - 0x000007fefdd9d000 	C:\Windows\system32\CRYPT32.dll
0x000007fefda50000 - 0x000007fefda5f000 	C:\Windows\system32\MSASN1.dll
0x000007fefc470000 - 0x000007fefc47c000 	C:\Windows\system32\VERSION.dll
0x000007fefc170000 - 0x000007fefc186000 	C:\Windows\system32\NETAPI32.dll
0x000007fefcb00000 - 0x000007fefcb0c000 	C:\Windows\system32\netutils.dll
0x000007fefd720000 - 0x000007fefd743000 	C:\Windows\system32\srvcli.dll
0x000007fefd100000 - 0x000007fefd115000 	C:\Windows\system32\wkscli.dll
0x000007fefc160000 - 0x000007fefc16c000 	C:\Windows\system32\DSROLE.DLL
0x000007fefc480000 - 0x000007fefc5a5000 	C:\Windows\system32\DBGHELP.DLL
0x000007fefcec0000 - 0x000007fefcf15000 	C:\Windows\system32\mswsock.dll
0x00000000757c0000 - 0x00000000757c3000 	C:\Windows\system32\security.dll
0x000007fefd7c0000 - 0x000007fefd7cb000 	C:\Windows\system32\SECUR32.DLL
0x000007fefd7f0000 - 0x000007fefd815000 	C:\Windows\system32\SSPICLI.DLL
0x000007fefca90000 - 0x000007fefca9a000 	C:\Windows\system32\credssp.dll
0x000007fefce50000 - 0x000007fefcea2000 	C:\Windows\system32\msv1_0.DLL
0x000007fefd700000 - 0x000007fefd714000 	C:\Windows\system32\cryptdll.dll
0x000007fefc140000 - 0x000007fefc147000 	C:\Windows\System32\wshtcpip.dll
0x000000006a5f0000 - 0x000000006a60a000 	C:\tools\jdk1.8.0_31\jre\bin\net.dll
0x000007fefceb0000 - 0x000007fefceb7000 	C:\Windows\System32\wship6.dll
0x000007fefcce0000 - 0x000007fefcd3b000 	C:\Windows\system32\DNSAPI.dll
0x000007fefc7c0000 - 0x000007fefc7e7000 	C:\Windows\system32\IPHLPAPI.DLL
0x000007fefc790000 - 0x000007fefc79b000 	C:\Windows\system32\WINNSI.DLL
0x000007fefa410000 - 0x000007fefa418000 	C:\Windows\system32\rasadhlp.dll
0x000007fefad40000 - 0x000007fefad93000 	C:\Windows\System32\fwpuclnt.dll
0x000007fefd180000 - 0x000007fefd198000 	C:\Windows\system32\CRYPTSP.dll
0x000007fefcbb0000 - 0x000007fefcbf7000 	C:\Windows\system32\rsaenh.dll
0x000007fefdde0000 - 0x000007fefddfe000 	C:\Windows\system32\USERENV.dll
0x000007fefd880000 - 0x000007fefd88f000 	C:\Windows\system32\CRYPTBASE.dll
0x000007fefc650000 - 0x000007fefc661000 	C:\Windows\system32\dhcpcsvc6.DLL
0x000007fefc630000 - 0x000007fefc648000 	C:\Windows\system32\dhcpcsvc.DLL
0x0000000066ba0000 - 0x0000000066bb1000 	C:\tools\jdk1.8.0_31\jre\bin\nio.dll
0x000007fefd160000 - 0x000007fefd175000 	C:\Windows\system32\NLAapi.dll
0x000007fefa1c0000 - 0x000007fefa1d5000 	C:\Windows\system32\napinsp.dll
0x000007fefa1e0000 - 0x000007fefa1f9000 	C:\Windows\system32\pnrpnsp.dll
0x000007fefa390000 - 0x000007fefa39b000 	C:\Windows\System32\winrnr.dll

VM Arguments:
jvm_args: -agentlib:jdwp=transport=dt_socket,address=127.0.0.1:57726,suspend=y,server=n -javaagent:C:\Users\jacobp\.IntelliJIdea14\system\groovyHotSwap\gragent.jar -Dfile.encoding=UTF-8 
java_command: org.testng.RemoteTestNGStarter -port 57724 -usedefaultlisteners false -socket57725 -temp C:\Users\jacobp\AppData\Local\Temp\idea_testng321.tmp
java_class_path (initial): C:\Program Files\JetBrains\IntelliJ IDEA 14.0\plugins\testng\lib\testng-plugin.jar;C:\tools\jdk1.8.0_31\jre\lib\charsets.jar;C:\tools\jdk1.8.0_31\jre\lib\deploy.jar;C:\tools\jdk1.8.0_31\jre\lib\javaws.jar;C:\tools\jdk1.8.0_31\jre\lib\jce.jar;C:\tools\jdk1.8.0_31\jre\lib\jfr.jar;C:\tools\jdk1.8.0_31\jre\lib\jfxswt.jar;C:\tools\jdk1.8.0_31\jre\lib\jsse.jar;C:\tools\jdk1.8.0_31\jre\lib\management-agent.jar;C:\tools\jdk1.8.0_31\jre\lib\plugin.jar;C:\tools\jdk1.8.0_31\jre\lib\resources.jar;C:\tools\jdk1.8.0_31\jre\lib\rt.jar;C:\tools\jdk1.8.0_31\jre\lib\ext\access-bridge-64.jar;C:\tools\jdk1.8.0_31\jre\lib\ext\cldrdata.jar;C:\tools\jdk1.8.0_31\jre\lib\ext\dnsns.jar;C:\tools\jdk1.8.0_31\jre\lib\ext\jaccess.jar;C:\tools\jdk1.8.0_31\jre\lib\ext\jfxrt.jar;C:\tools\jdk1.8.0_31\jre\lib\ext\localedata.jar;C:\tools\jdk1.8.0_31\jre\lib\ext\nashorn.jar;C:\tools\jdk1.8.0_31\jre\lib\ext\sunec.jar;C:\tools\jdk1.8.0_31\jre\lib\ext\sunjce_provider.jar;C:\tools\jdk1.8.0_31\jre\lib\ext\sunmscapi.jar;C:\tools\jdk1.8.0_31\jre\lib\ext\sunpkcs11.jar;C:\tools\jdk1.8.0_31\jre\lib\ext\zipfs.jar;C:\dvlp\3rd-party\liquid-notifications\lqnotify\lq-processor-slack\build\classes\test;C:\dvlp\3rd-party\liquid-notifications\lqnotify\lq-processor-slack\build\classes\main;C:\dvlp\3rd-party\liquid-notifications\lqnotify\lq-processor-slack\build\resources\test;C:\dvlp\3rd-party\liquid-notifications\lqnotify\lq-processor-slack\build\resources\main;C:\Users\jacobp\.gradle\caches\modules-2\files-2.1\org.testng\testng\6.8.21\15e02d8d7be3c3640b585b97eda56026fdb5bf4d\testng-6.8.21.jar;C:\Users\jacobp\.gradle\caches\modules-2\files-2.1\org.beanshell\bsh\2.0b4\a05f0a0feefa8d8467ac80e16e7de071489f0d9c\bsh-2.0b4.jar;C:\Users\jacobp\.gradle\caches\modules-2\files-2.1\com.beust\jcommander\1.27\58c9cbf0f1fa296f93c712f2cf46de50471920f9\jcommander-1.27.jar;C:\Users\jacobp\.gradle\caches\modules-2\files-2.1\org.glassfish.jersey.core\jersey-common\2.16\28aadc6d6e9978b51c3fa898d4989d908d2f65c8\
Launcher Type: SUN_STANDARD

Environment Variables:
JAVA_HOME=C:\tools\jdk1.8.0_31
PATH=C:\ProgramData\Oracle\Java\javapath;C:\Windows\system32;C:\Windows;C:\Windows\System32\Wbem;C:\Windows\System32\WindowsPowerShell\v1.0\;C:\Program Files (x86)\Git\cmd;C:\Program Files (x86)\Git\bin;C:\Program Files\SQL Anywhere 16\bin64;C:\Program Files\SQL Anywhere 16\bin32;C:\tools\apache-maven-2.2.1\bin;C:\Program Files\TortoiseSVN\bin;C:\tools\jdk1.8.0_31\bin;C:\Program Files (x86)\Microsoft SQL Server\110\Tools\Binn\ManagementStudio\;C:\Program Files (x86)\Microsoft SQL Server\110\Tools\Binn\;C:\Program Files\Microsoft SQL Server\110\Tools\Binn\;C:\Program Files (x86)\Microsoft SQL Server\110\DTS\Binn\;C:\Program Files (x86)\IDM Computer Solutions\UltraEdit\
USERNAME=jacobp
OS=Windows_NT
PROCESSOR_IDENTIFIER=Intel64 Family 6 Model 60 Stepping 3, GenuineIntel



---------------  S Y S T E M  ---------------

OS: Windows 7 , 64 bit Build 7601 Service Pack 1

CPU:total 8 (4 cores per cpu, 2 threads per core) family 6 model 60 stepping 3, cmov, cx8, fxsr, mmx, sse, sse2, sse3, ssse3, sse4.1, sse4.2, popcnt, avx, avx2, aes, clmul, erms, rtm, lzcnt, ht, tsc, tscinvbit, bmi1, bmi2

Memory: 4k page, physical 25090228k(16739824k free), swap 50178600k(37445256k free)

vm_info: Java HotSpot(TM) 64-Bit Server VM (25.31-b07) for windows-amd64 JRE (1.8.0_31-b13), built on Dec 17 2014 21:00:28 by "java_re" with MS VC++ 10.0 (VS2010)

time: Thu Mar 19 14:43:50 2015
elapsed time: 122 seconds (0d 0h 2m 2s)

